<?xml version="1.0" encoding="UTF-8"?>
<testng-results skipped="0" failed="1" ignored="0" total="4" passed="3">
  <reporter-output>
  </reporter-output>
  <suite name="Suite" duration-ms="84855" started-at="2020-07-26T13:38:29Z" finished-at="2020-07-26T13:39:54Z">
    <groups>
    </groups>
    <test name="Validating Navbar" duration-ms="71828" started-at="2020-07-26T13:38:29Z" finished-at="2020-07-26T13:39:41Z">
      <class name="Academy_3006.ValidateNavBar">
        <test-method status="PASS" signature="validateNavBar()[pri:0, instance:Academy_3006.ValidateNavBar@66498326]" name="validateNavBar" duration-ms="66696" started-at="2020-07-26T13:38:29Z" finished-at="2020-07-26T13:39:36Z">
          <reporter-output>
          </reporter-output>
        </test-method> <!-- validateNavBar -->
        <test-method status="PASS" signature="closeBrowser()[pri:0, instance:Academy_3006.ValidateNavBar@66498326]" name="closeBrowser" is-config="true" duration-ms="5110" started-at="2020-07-26T13:39:36Z" finished-at="2020-07-26T13:39:41Z">
          <reporter-output>
          </reporter-output>
        </test-method> <!-- closeBrowser -->
      </class> <!-- Academy_3006.ValidateNavBar -->
    </test> <!-- Validating Navbar -->
    <test name="validate title" duration-ms="73042" started-at="2020-07-26T13:38:29Z" finished-at="2020-07-26T13:39:42Z">
      <class name="Academy_3006.ValidateTitle">
        <test-method status="FAIL" signature="validatetitlenavigation()[pri:0, instance:Academy_3006.ValidateTitle@1613674b]" name="validatetitlenavigation" duration-ms="66860" started-at="2020-07-26T13:38:29Z" finished-at="2020-07-26T13:39:36Z">
          <exception class="java.lang.AssertionError">
            <message>
              <![CDATA[expected [FEATURED COURSES123] but found [FEATURED COURSES]]]>
            </message>
            <full-stacktrace>
              <![CDATA[java.lang.AssertionError: expected [FEATURED COURSES123] but found [FEATURED COURSES]
at org.testng.Assert.fail(Assert.java:96)
at org.testng.Assert.failNotEquals(Assert.java:776)
at org.testng.Assert.assertEqualsImpl(Assert.java:137)
at org.testng.Assert.assertEquals(Assert.java:118)
at org.testng.Assert.assertEquals(Assert.java:453)
at org.testng.Assert.assertEquals(Assert.java:463)
at Academy_3006.ValidateTitle.validatetitlenavigation(ValidateTitle.java:26)
at sun.reflect.NativeMethodAccessorImpl.invoke0(Native Method)
at sun.reflect.NativeMethodAccessorImpl.invoke(NativeMethodAccessorImpl.java:62)
at sun.reflect.DelegatingMethodAccessorImpl.invoke(DelegatingMethodAccessorImpl.java:43)
at java.lang.reflect.Method.invoke(Method.java:498)
at org.testng.internal.MethodInvocationHelper.invokeMethod(MethodInvocationHelper.java:124)
at org.testng.internal.Invoker.invokeMethod(Invoker.java:583)
at org.testng.internal.Invoker.invokeTestMethod(Invoker.java:719)
at org.testng.internal.Invoker.invokeTestMethods(Invoker.java:989)
at org.testng.internal.TestMethodWorker.invokeTestMethods(TestMethodWorker.java:125)
at org.testng.internal.TestMethodWorker.run(TestMethodWorker.java:109)
at org.testng.TestRunner.privateRun(TestRunner.java:648)
at org.testng.TestRunner.run(TestRunner.java:505)
at org.testng.SuiteRunner.runTest(SuiteRunner.java:455)
at org.testng.SuiteRunner.access$000(SuiteRunner.java:40)
at org.testng.SuiteRunner$SuiteWorker.run(SuiteRunner.java:489)
at org.testng.internal.thread.ThreadUtil$1.call(ThreadUtil.java:52)
at java.util.concurrent.FutureTask.run(FutureTask.java:266)
at java.util.concurrent.ThreadPoolExecutor.runWorker(ThreadPoolExecutor.java:1149)
at java.util.concurrent.ThreadPoolExecutor$Worker.run(ThreadPoolExecutor.java:624)
at java.lang.Thread.run(Thread.java:748)
]]>
            </full-stacktrace>
          </exception> <!-- java.lang.AssertionError -->
          <reporter-output>
          </reporter-output>
        </test-method> <!-- validatetitlenavigation -->
        <test-method status="PASS" signature="closeBrowser()[pri:0, instance:Academy_3006.ValidateTitle@1613674b]" name="closeBrowser" is-config="true" duration-ms="3012" started-at="2020-07-26T13:39:39Z" finished-at="2020-07-26T13:39:42Z">
          <reporter-output>
          </reporter-output>
        </test-method> <!-- closeBrowser -->
      </class> <!-- Academy_3006.ValidateTitle -->
    </test> <!-- validate title -->
    <test name="Validating user login " duration-ms="84855" started-at="2020-07-26T13:38:29Z" finished-at="2020-07-26T13:39:54Z">
      <class name="Academy_3006.HomePage">
        <test-method status="PASS" signature="basePageNavigation(java.lang.String, java.lang.String, java.lang.String)[pri:0, instance:Academy_3006.HomePage@2e222612]" name="basePageNavigation" duration-ms="74044" started-at="2020-07-26T13:38:29Z" data-provider="getData" finished-at="2020-07-26T13:39:43Z">
          <params>
            <param index="0">
              <value>
                <![CDATA[nayan.kumar@morrisonsplc.co.uk]]>
              </value>
            </param>
            <param index="1">
              <value>
                <![CDATA[123456]]>
              </value>
            </param>
            <param index="2">
              <value>
                <![CDATA[Restricted User]]>
              </value>
            </param>
          </params>
          <reporter-output>
          </reporter-output>
        </test-method> <!-- basePageNavigation -->
        <test-method status="PASS" signature="basePageNavigation(java.lang.String, java.lang.String, java.lang.String)[pri:0, instance:Academy_3006.HomePage@2e222612]" name="basePageNavigation" duration-ms="10793" started-at="2020-07-26T13:39:43Z" data-provider="getData" finished-at="2020-07-26T13:39:54Z">
          <params>
            <param index="0">
              <value>
                <![CDATA[ronith.gund@morrisonsplc.co.uk]]>
              </value>
            </param>
            <param index="1">
              <value>
                <![CDATA[1234567]]>
              </value>
            </param>
            <param index="2">
              <value>
                <![CDATA[Non Restricted User]]>
              </value>
            </param>
          </params>
          <reporter-output>
          </reporter-output>
        </test-method> <!-- basePageNavigation -->
      </class> <!-- Academy_3006.HomePage -->
    </test> <!-- Validating user login  -->
  </suite> <!-- Suite -->
</testng-results>
